<?xml version="1.0" encoding="UTF-8"?>
<!-- Generated by org.testng.reporters.JUnitReportReporter -->
<testsuite skipped="0" hostname="DESKTOP-N3LRL61" name="api.tests.UserTests" tests="7" failures="0" timestamp="2023-08-22T21:51:52 IST" time="37.503" errors="0">
  <testcase name="testCreateUser" time="8.647" classname="api.tests.UserTests"/>
  <system-out/>
  <testcase name="testgetUser" time="1.852" classname="api.tests.UserTests"/>
  <system-out/>
  <testcase name="testupdateUser" time="1.674" classname="api.tests.UserTests"/>
  <system-out/>
  <testcase name="testDeleteUser" time="1.421" classname="api.tests.UserTests"/>
  <system-out/>
  <testcase name="storeUserpostTest" time="7.910" classname="api.tests.UserTests"/>
  <system-out/>
  <testcase name="storeUsergetTest" time="4.435" classname="api.tests.UserTests"/>
  <system-out/>
  <testcase name="storeUserdeleteTest" time="11.564" classname="api.tests.UserTests"/>
  <system-out/>
</testsuite> <!-- api.tests.UserTests -->
