<?xml version="1.0" encoding="UTF-8"?>
<!-- Generated by org.testng.reporters.JUnitReportReporter -->
<testsuite skipped="0" hostname="DESKTOP-N3LRL61" name="api.tests.UserTests2" tests="4" failures="0" timestamp="2023-08-23T09:28:51 IST" time="12.378" errors="0">
  <testcase name="testCreateUser" time="7.888" classname="api.tests.UserTests2"/>
  <system-out/>
  <testcase name="testgetUser" time="1.506" classname="api.tests.UserTests2"/>
  <system-out/>
  <testcase name="testupdateUser" time="1.480" classname="api.tests.UserTests2"/>
  <system-out/>
  <testcase name="testDeleteUser" time="1.504" classname="api.tests.UserTests2"/>
  <system-out/>
</testsuite> <!-- api.tests.UserTests2 -->
