<?xml version="1.0" encoding="UTF-8"?>
<!-- Generated by org.testng.reporters.JUnitReportReporter -->
<testsuite skipped="0" hostname="DESKTOP-N3LRL61" name="api.tests.DataDrivenTests" tests="9" failures="0" timestamp="2023-08-22T20:02:48 IST" time="17.204" errors="0">
  <testcase name="dpTest01" time="5.567" classname="api.tests.DataDrivenTests"/>
  <system-out/>
  <testcase name="dpTest01" time="1.440" classname="api.tests.DataDrivenTests"/>
  <system-out/>
  <testcase name="dpTest01" time="1.464" classname="api.tests.DataDrivenTests"/>
  <system-out/>
  <testcase name="testgetUser" time="1.437" classname="api.tests.DataDrivenTests"/>
  <system-out/>
  <testcase name="testgetUser" time="1.533" classname="api.tests.DataDrivenTests"/>
  <system-out/>
  <testcase name="testgetUser" time="1.374" classname="api.tests.DataDrivenTests"/>
  <system-out/>
  <testcase name="testDeleteUser" time="1.427" classname="api.tests.DataDrivenTests"/>
  <system-out/>
  <testcase name="testDeleteUser" time="1.483" classname="api.tests.DataDrivenTests"/>
  <system-out/>
  <testcase name="testDeleteUser" time="1.479" classname="api.tests.DataDrivenTests"/>
  <system-out/>
</testsuite> <!-- api.tests.DataDrivenTests -->
