<?xml version="1.0" encoding="UTF-8"?>
<!-- Generated by org.testng.reporters.JUnitReportReporter -->
<testsuite skipped="0" hostname="DESKTOP-N3LRL61" name="api.tests.UserTests" tests="7" failures="0" timestamp="2023-08-27T08:40:28 IST" time="15.177" errors="0">
  <testcase name="testCreateUser" time="5.425" classname="api.tests.UserTests"/>
  <system-out/>
  <testcase name="testgetUser" time="1.678" classname="api.tests.UserTests"/>
  <system-out/>
  <testcase name="testupdateUser" time="1.752" classname="api.tests.UserTests"/>
  <system-out/>
  <testcase name="testDeleteUser" time="1.702" classname="api.tests.UserTests"/>
  <system-out/>
  <testcase name="storeUserpostTest" time="1.741" classname="api.tests.UserTests"/>
  <system-out/>
  <testcase name="storeUsergetTest" time="1.450" classname="api.tests.UserTests"/>
  <system-out/>
  <testcase name="storeUserdeleteTest" time="1.429" classname="api.tests.UserTests"/>
  <system-out/>
</testsuite> <!-- api.tests.UserTests -->
