<?xml version="1.0" encoding="UTF-8"?>
<!-- Generated by org.testng.reporters.JUnitReportReporter -->
<testsuite hostname="DESKTOP-N3LRL61" failures="0" tests="4" name="api.tests.UserTests2" time="8.029" errors="0" timestamp="2023-08-24T10:10:20 IST" skipped="0">
  <testcase classname="api.tests.UserTests2" name="testCreateUser" time="3.796"/>
  <system-out/>
  <testcase classname="api.tests.UserTests2" name="testgetUser" time="1.422"/>
  <system-out/>
  <testcase classname="api.tests.UserTests2" name="testupdateUser" time="1.422"/>
  <system-out/>
  <testcase classname="api.tests.UserTests2" name="testDeleteUser" time="1.389"/>
  <system-out/>
</testsuite> <!-- api.tests.UserTests2 -->
