<?xml version="1.0" encoding="UTF-8"?>
<!-- Generated by org.testng.reporters.JUnitReportReporter -->
<testsuite hostname="DESKTOP-N3LRL61" failures="0" tests="4" name="api.tests.UserTests2" time="11.398" errors="0" timestamp="2023-08-23T12:25:58 IST" skipped="0">
  <testcase classname="api.tests.UserTests2" name="testCreateUser" time="6.468"/>
  <system-out/>
  <testcase classname="api.tests.UserTests2" name="testgetUser" time="1.674"/>
  <system-out/>
  <testcase classname="api.tests.UserTests2" name="testupdateUser" time="1.621"/>
  <system-out/>
  <testcase classname="api.tests.UserTests2" name="testDeleteUser" time="1.635"/>
  <system-out/>
</testsuite> <!-- api.tests.UserTests2 -->
